<?xml version="1.0" encoding="UTF-8"?>
<testsuite name="banking.CommandValidatorTest" tests="6" skipped="0" failures="0" errors="0" timestamp="2024-08-31T16:42:19" hostname="Kaungs-MBP" time="0.003">
  <properties/>
  <testcase name="create()" classname="banking.CommandValidatorTest" time="0.0"/>
  <testcase name="withdraw()" classname="banking.CommandValidatorTest" time="0.0"/>
  <testcase name="pass()" classname="banking.CommandValidatorTest" time="0.002"/>
  <testcase name="transfer()" classname="banking.CommandValidatorTest" time="0.0"/>
  <testcase name="deposit()" classname="banking.CommandValidatorTest" time="0.0"/>
  <testcase name="bank_is_initially_empty()" classname="banking.CommandValidatorTest" time="0.0"/>
  <system-out><![CDATA[]]></system-out>
  <system-err><![CDATA[]]></system-err>
</testsuite>
