<?xml version="1.0" encoding="UTF-8"?>
<testsuite name="banking.BankTest" tests="14" skipped="0" failures="0" errors="0" timestamp="2024-08-31T16:42:19" hostname="Kaungs-MBP" time="0.003">
  <properties/>
  <testcase name="transfer_zero()" classname="banking.BankTest" time="0.0"/>
  <testcase name="deposit_accounts()" classname="banking.BankTest" time="0.0"/>
  <testcase name="withdraw_accounts()" classname="banking.BankTest" time="0.0"/>
  <testcase name="pass_delete_amount_zero()" classname="banking.BankTest" time="0.0"/>
  <testcase name="create_accounts()" classname="banking.BankTest" time="0.0"/>
  <testcase name="transfer_checking_to_checking()" classname="banking.BankTest" time="0.0"/>
  <testcase name="pass_accounts_less_than_a_hundred()" classname="banking.BankTest" time="0.0"/>
  <testcase name="transfer_savings_to_savings()" classname="banking.BankTest" time="0.0"/>
  <testcase name="create_multiple_accounts()" classname="banking.BankTest" time="0.0"/>
  <testcase name="transfer_checking_to_savings()" classname="banking.BankTest" time="0.0"/>
  <testcase name="Bank_has_no_accounts_initially()" classname="banking.BankTest" time="0.0"/>
  <testcase name="transfer_more_than_account_amount()" classname="banking.BankTest" time="0.0"/>
  <testcase name="transfer_savings_to_checking()" classname="banking.BankTest" time="0.0"/>
  <testcase name="pass_accounts()" classname="banking.BankTest" time="0.0"/>
  <system-out><![CDATA[]]></system-out>
  <system-err><![CDATA[]]></system-err>
</testsuite>
