<?xml version="1.0" encoding="UTF-8"?>
<testsuite name="banking.CommandStorageTest" tests="8" skipped="0" failures="0" errors="0" timestamp="2024-08-31T16:42:19" hostname="Kaungs-MBP" time="0.004">
  <properties/>
  <testcase name="valid_storage_is_initially_empty()" classname="banking.CommandStorageTest" time="0.001"/>
  <testcase name="adding_one_invalid_command()" classname="banking.CommandStorageTest" time="0.0"/>
  <testcase name="check_size_of_many_invalid_commands()" classname="banking.CommandStorageTest" time="0.0"/>
  <testcase name="creating_many_valid_commands()" classname="banking.CommandStorageTest" time="0.001"/>
  <testcase name="adding_one_valid_command()" classname="banking.CommandStorageTest" time="0.0"/>
  <testcase name="creating_two_valid_commands()" classname="banking.CommandStorageTest" time="0.0"/>
  <testcase name="adding_many_invalid_commands()" classname="banking.CommandStorageTest" time="0.0"/>
  <testcase name="storage_is_initially_empty()" classname="banking.CommandStorageTest" time="0.001"/>
  <system-out><![CDATA[]]></system-out>
  <system-err><![CDATA[]]></system-err>
</testsuite>
