<?xml version="1.0" encoding="UTF-8"?>
<testsuite name="banking.ProcessDepositTest" tests="4" skipped="0" failures="0" errors="0" timestamp="2024-08-31T16:42:19" hostname="Kaungs-MBP" time="0.002">
  <properties/>
  <testcase name="deposit_savings_twice()" classname="banking.ProcessDepositTest" time="0.0"/>
  <testcase name="deposit_savings()" classname="banking.ProcessDepositTest" time="0.001"/>
  <testcase name="deposit_checking_twice()" classname="banking.ProcessDepositTest" time="0.0"/>
  <testcase name="deposit_checking()" classname="banking.ProcessDepositTest" time="0.0"/>
  <system-out><![CDATA[]]></system-out>
  <system-err><![CDATA[]]></system-err>
</testsuite>
