<?xml version="1.0" encoding="UTF-8"?>
<testsuite name="banking.ProcessCreateTest" tests="6" skipped="0" failures="0" errors="0" timestamp="2024-08-31T16:42:19" hostname="Kaungs-MBP" time="0.001">
  <properties/>
  <testcase name="create_checking()" classname="banking.ProcessCreateTest" time="0.0"/>
  <testcase name="create_cd()" classname="banking.ProcessCreateTest" time="0.0"/>
  <testcase name="create_savings()" classname="banking.ProcessCreateTest" time="0.0"/>
  <testcase name="validate_savings_type()" classname="banking.ProcessCreateTest" time="0.0"/>
  <testcase name="validate_checking_type()" classname="banking.ProcessCreateTest" time="0.0"/>
  <testcase name="validate_cd_type()" classname="banking.ProcessCreateTest" time="0.0"/>
  <system-out><![CDATA[]]></system-out>
  <system-err><![CDATA[]]></system-err>
</testsuite>
